#
# There is insufficient memory for the Java Runtime Environment to continue.
# Native memory allocation (mmap) failed to map 266338304 bytes. Error detail: G1 virtual space
# Possible reasons:
#   The system is out of physical RAM or swap space
#   This process is running with CompressedOops enabled, and the Java Heap may be blocking the growth of the native heap
# Possible solutions:
#   Reduce memory load on the system
#   Increase physical memory or swap space
#   Check if swap backing store is full
#   Decrease Java heap size (-Xmx/-Xms)
#   Decrease number of Java threads
#   Decrease Java thread stack sizes (-Xss)
#   Set larger code cache with -XX:ReservedCodeCacheSize=
#   JVM is running with Zero Based Compressed Oops mode in which the Java heap is
#     placed in the first 32GB address space. The Java Heap base address is the
#     maximum limit for the native heap growth. Please use -XX:HeapBaseMinAddress
#     to set the Java Heap base and to place the Java Heap above 32GB virtual address.
# This output file may be truncated or incomplete.
#
#  Out of Memory Error (os_windows.cpp:3898), pid=15264, tid=24572
#
# JRE version:  (21.0.6) (build )
# Java VM: OpenJDK 64-Bit Server VM (21.0.6+-13368085-b895.109, mixed mode, sharing, tiered, compressed oops, compressed class ptrs, g1 gc, windows-amd64)
# No core dump will be written. Minidumps are not enabled by default on client versions of Windows
#

---------------  S U M M A R Y ------------

Command Line: org.jetbrains.kotlin.cli.jvm.K2JVMCompiler @D:\test app\version 7\patient_management\build\shared_preferences_android\20250526_16107733200881243220.compiler.options

Host: Intel(R) Core(TM) i5-10300H CPU @ 2.50GHz, 8 cores, 15G,  Windows 11 , 64 bit Build 26100 (10.0.26100.3912)
Time: Mon May 26 07:17:47 2025 Egypt Daylight Time elapsed time: 0.014922 seconds (0d 0h 0m 0s)

---------------  T H R E A D  ---------------

Current thread (0x0000024c50b151a0):  JavaThread "Unknown thread" [_thread_in_vm, id=24572, stack(0x000000d7ab500000,0x000000d7ab600000) (1024K)]

Stack: [0x000000d7ab500000,0x000000d7ab600000]
Native frames: (J=compiled Java code, j=interpreted, Vv=VM code, C=native code)
V  [jvm.dll+0x6d0639]
V  [jvm.dll+0x85eb03]
V  [jvm.dll+0x86105e]
V  [jvm.dll+0x861743]
V  [jvm.dll+0x27e6e6]
V  [jvm.dll+0x6ccfd5]
V  [jvm.dll+0x6c0a8a]
V  [jvm.dll+0x35537b]
V  [jvm.dll+0x35cfd6]
V  [jvm.dll+0x3aef86]
V  [jvm.dll+0x3af258]
V  [jvm.dll+0x327a2c]
V  [jvm.dll+0x32871b]
V  [jvm.dll+0x826549]
V  [jvm.dll+0x3bc158]
V  [jvm.dll+0x80f7f8]
V  [jvm.dll+0x45035e]
V  [jvm.dll+0x451ac1]
C  [jli.dll+0x52ab]
C  [ucrtbase.dll+0x37b0]
C  [KERNEL32.DLL+0x2e8d7]
C  [ntdll.dll+0x9c5dc]


---------------  P R O C E S S  ---------------

Threads class SMR info:
_java_thread_list=0x00007ffec3b91848, length=0, elements={
}

Java Threads: ( => current thread )
Total: 0

Other Threads:
  0x0000024c52f32800 WorkerThread "GC Thread#0"                     [id=12072, stack(0x000000d7ab600000,0x000000d7ab700000) (1024K)]
  0x0000024c52f44b80 ConcurrentGCThread "G1 Main Marker"            [id=4564, stack(0x000000d7ab700000,0x000000d7ab800000) (1024K)]
  0x0000024c52f45e20 WorkerThread "G1 Conc#0"                       [id=24564, stack(0x000000d7ab800000,0x000000d7ab900000) (1024K)]

[error occurred during error reporting (printing all threads), id 0xc0000005, EXCEPTION_ACCESS_VIOLATION (0xc0000005) at pc=0x00007ffec338aa87]
VM state: not at safepoint (not fully initialized)

VM Mutex/Monitor currently owned by a thread:  ([mutex/lock_event])
[0x00007ffec3bfe4a0] Heap_lock - owner thread: 0x0000024c50b151a0

Heap address: 0x0000000702a00000, size: 4054 MB, Compressed Oops mode: Zero based, Oop shift amount: 3

CDS archive(s) mapped at: [0x0000000000000000-0x0000000000000000-0x0000000000000000), size 0, SharedBaseAddress: 0x0000000800000000, ArchiveRelocationMode: 1.
Narrow klass base: 0x0000000000000000, Narrow klass shift: 0, Narrow klass range: 0x0

GC Precious Log:
 CardTable entry size: 512
 Card Set container configuration: InlinePtr #cards 4 size 8 Array Of Cards #cards 16 size 48 Howl #buckets 8 coarsen threshold 3686 Howl Bitmap #cards 512 size 80 coarsen threshold 460 Card regions per heap region 1 cards per card region 4096

Heap:
 garbage-first heap   total 0K, used 0K [0x0000000702a00000, 0x0000000800000000)
  region size 2048K, 0 young (0K), 0 survivors (0K)
 Metaspace       used 0K, committed 0K, reserved 0K
  class space    used 0K, committed 0K, reserved 0K

Heap Regions: E=young(eden), S=young(survivor), O=old, HS=humongous(starts), HC=humongous(continues), CS=collection set, F=free, TAMS=top-at-mark-start, PB=parsable bottom

Card table byte_map: [0x0000024c65b40000,0x0000024c66330000] _byte_map_base: 0x0000024c6232b000

Marking Bits: (CMBitMap*) 0x0000024c52f33710
 Bits: [0x0000024c66330000, 0x0000024c6a288000)

GC Heap History (0 events):
No events

Dll operation events (1 events):
Event: 0.010 Loaded shared library C:\Program Files\Android\Android Studio\jbr\bin\java.dll

Deoptimization events (0 events):
No events

Classes loaded (0 events):
No events

Classes unloaded (0 events):
No events

Classes redefined (0 events):
No events

Internal exceptions (0 events):
No events

ZGC Phase Switch (0 events):
No events

VM Operations (0 events):
No events

Memory protections (0 events):
No events

Nmethod flushes (0 events):
No events

Events (0 events):
No events


Dynamic libraries:
0x00007ff7d4360000 - 0x00007ff7d436a000 	C:\Program Files\Android\Android Studio\jbr\bin\java.exe
0x00007fffae1a0000 - 0x00007fffae406000 	C:\WINDOWS\SYSTEM32\ntdll.dll
0x00007fffad460000 - 0x00007fffad529000 	C:\WINDOWS\System32\KERNEL32.DLL
0x00007fffab330000 - 0x00007fffab6fc000 	C:\WINDOWS\System32\KERNELBASE.dll
0x00007fffab900000 - 0x00007fffaba4b000 	C:\WINDOWS\System32\ucrtbase.dll
0x00007fff35230000 - 0x00007fff3524b000 	C:\Program Files\Android\Android Studio\jbr\bin\VCRUNTIME140.dll
0x00007fff35250000 - 0x00007fff35268000 	C:\Program Files\Android\Android Studio\jbr\bin\jli.dll
0x00007fffad530000 - 0x00007fffad6fa000 	C:\WINDOWS\System32\USER32.dll
0x00007fff7fad0000 - 0x00007fff7fd6a000 	C:\WINDOWS\WinSxS\amd64_microsoft.windows.common-controls_6595b64144ccf1df_6.0.26100.3912_none_3e07963ce335137e\COMCTL32.dll
0x00007fffab700000 - 0x00007fffab727000 	C:\WINDOWS\System32\win32u.dll
0x00007fffadbd0000 - 0x00007fffadc79000 	C:\WINDOWS\System32\msvcrt.dll
0x00007fffacb20000 - 0x00007fffacb4b000 	C:\WINDOWS\System32\GDI32.dll
0x00007fffab7c0000 - 0x00007fffab8f2000 	C:\WINDOWS\System32\gdi32full.dll
0x00007fffabe10000 - 0x00007fffabeb3000 	C:\WINDOWS\System32\msvcp_win.dll
0x00007fffac600000 - 0x00007fffac630000 	C:\WINDOWS\System32\IMM32.DLL
0x00007fff31450000 - 0x00007fff3145c000 	C:\Program Files\Android\Android Studio\jbr\bin\vcruntime140_1.dll
0x00007ffed6150000 - 0x00007ffed61dd000 	C:\Program Files\Android\Android Studio\jbr\bin\msvcp140.dll
0x00007ffec3050000 - 0x00007ffec3cdb000 	C:\Program Files\Android\Android Studio\jbr\bin\server\jvm.dll
0x00007fffabf60000 - 0x00007fffac012000 	C:\WINDOWS\System32\ADVAPI32.dll
0x00007fffacb50000 - 0x00007fffacbf6000 	C:\WINDOWS\System32\sechost.dll
0x00007fffacc00000 - 0x00007fffacd16000 	C:\WINDOWS\System32\RPCRT4.dll
0x00007fffad720000 - 0x00007fffad794000 	C:\WINDOWS\System32\WS2_32.dll
0x00007fffaaaf0000 - 0x00007fffaab4e000 	C:\WINDOWS\SYSTEM32\POWRPROF.dll
0x00007fff96410000 - 0x00007fff96446000 	C:\WINDOWS\SYSTEM32\WINMM.dll
0x00007fff9cd80000 - 0x00007fff9cd8b000 	C:\WINDOWS\SYSTEM32\VERSION.dll
0x00007fffaaad0000 - 0x00007fffaaae4000 	C:\WINDOWS\SYSTEM32\UMPDC.dll
0x00007fffaa0c0000 - 0x00007fffaa0da000 	C:\WINDOWS\SYSTEM32\kernel.appcore.dll
0x00007fff31440000 - 0x00007fff3144a000 	C:\Program Files\Android\Android Studio\jbr\bin\jimage.dll
0x00007fffa8ab0000 - 0x00007fffa8cf1000 	C:\WINDOWS\SYSTEM32\DBGHELP.DLL
0x00007fffac1f0000 - 0x00007fffac574000 	C:\WINDOWS\System32\combase.dll
0x00007fffac7f0000 - 0x00007fffac8d0000 	C:\WINDOWS\System32\OLEAUT32.dll
0x00007fff958e0000 - 0x00007fff95919000 	C:\WINDOWS\SYSTEM32\dbgcore.DLL
0x00007fffabec0000 - 0x00007fffabf59000 	C:\WINDOWS\System32\bcryptPrimitives.dll
0x00007fff2d260000 - 0x00007fff2d280000 	C:\Program Files\Android\Android Studio\jbr\bin\java.dll

dbghelp: loaded successfully - version: 4.0.5 - missing functions: none
symbol engine: initialized successfully - sym options: 0x614 - pdb path: .;C:\Program Files\Android\Android Studio\jbr\bin;C:\WINDOWS\SYSTEM32;C:\WINDOWS\WinSxS\amd64_microsoft.windows.common-controls_6595b64144ccf1df_6.0.26100.3912_none_3e07963ce335137e;C:\Program Files\Android\Android Studio\jbr\bin\server

VM Arguments:
java_command: org.jetbrains.kotlin.cli.jvm.K2JVMCompiler @D:\test app\version 7\patient_management\build\shared_preferences_android\20250526_16107733200881243220.compiler.options
java_class_path (initial): C:\Users\monta\.gradle\caches\modules-2\files-2.1\org.jetbrains.kotlin\kotlin-compiler-embeddable\2.1.0\988bf980588bbbcfa1ba19c1ffd7aa869b335a31\kotlin-compiler-embeddable-2.1.0.jar;C:\Users\monta\.gradle\caches\modules-2\files-2.1\org.jetbrains.kotlin\kotlin-stdlib\2.1.0\85f8b81009cda5890e54ba67d64b5e599c645020\kotlin-stdlib-2.1.0.jar;C:\Users\monta\.gradle\caches\modules-2\files-2.1\org.jetbrains.kotlin\kotlin-script-runtime\2.1.0\5909da8c57b75a117714ab0e348c86101b7a3284\kotlin-script-runtime-2.1.0.jar;C:\Users\monta\.gradle\caches\modules-2\files-2.1\org.jetbrains.kotlin\kotlin-reflect\1.6.10\1cbe9c92c12a94eea200d23c2bbaedaf3daf5132\kotlin-reflect-1.6.10.jar;C:\Users\monta\.gradle\caches\modules-2\files-2.1\org.jetbrains.kotlin\kotlin-daemon-embeddable\2.1.0\420bae1908e4a353f5b56c3c850d24d86367b25d\kotlin-daemon-embeddable-2.1.0.jar;C:\Users\monta\.gradle\caches\modules-2\files-2.1\org.jetbrains.intellij.deps\trove4j\1.0.20200330\3afb14d5f9ceb459d724e907a21145e8ff394f02\trove4j-1.0.20200330.jar;C:\Users\monta\.gradle\caches\modules-2\files-2.1\org.jetbrains.kotlinx\kotlinx-coroutines-core-jvm\1.6.4\2c997cd1c0ef33f3e751d3831929aeff1390cb30\kotlinx-coroutines-core-jvm-1.6.4.jar;C:\Users\monta\.gradle\caches\modules-2\files-2.1\org.jetbrains\annotations\13.0\919f0dfe192fb4e063e7dacadee7f8bb9a2672a9\annotations-13.0.jar
Launcher Type: SUN_STANDARD

[Global flags]
     intx CICompilerCount                          = 4                                         {product} {ergonomic}
     uint ConcGCThreads                            = 2                                         {product} {ergonomic}
     uint G1ConcRefinementThreads                  = 8                                         {product} {ergonomic}
   size_t G1HeapRegionSize                         = 2097152                                   {product} {ergonomic}
    uintx GCDrainStackTargetSize                   = 64                                        {product} {ergonomic}
   size_t InitialHeapSize                          = 266338304                                 {product} {ergonomic}
   size_t MarkStackSize                            = 4194304                                   {product} {ergonomic}
   size_t MaxHeapSize                              = 4250927104                                {product} {ergonomic}
   size_t MinHeapDeltaBytes                        = 2097152                                   {product} {ergonomic}
   size_t MinHeapSize                              = 8388608                                   {product} {ergonomic}
    uintx NonNMethodCodeHeapSize                   = 5839372                                {pd product} {ergonomic}
    uintx NonProfiledCodeHeapSize                  = 122909434                              {pd product} {ergonomic}
    uintx ProfiledCodeHeapSize                     = 122909434                              {pd product} {ergonomic}
    uintx ReservedCodeCacheSize                    = 251658240                              {pd product} {ergonomic}
     bool SegmentedCodeCache                       = true                                      {product} {ergonomic}
   size_t SoftMaxHeapSize                          = 4250927104                             {manageable} {ergonomic}
     bool UseCompressedOops                        = true                           {product lp64_product} {ergonomic}
     bool UseG1GC                                  = true                                      {product} {ergonomic}
     bool UseLargePagesIndividualAllocation        = false                                  {pd product} {ergonomic}

Logging:
Log output configuration:
 #0: stdout all=warning uptime,level,tags foldmultilines=false
 #1: stderr all=off uptime,level,tags foldmultilines=false

Environment Variables:
JAVA_HOME=C:\Program Files\Android\Android Studio\jbr
CLASSPATH=D:\test app\version 7\patient_management\android\\gradle\wrapper\gradle-wrapper.jar
PATH=C:\Program Files\Android\Android Studio\jbr\bin;C:\Program Files\Common Files\Oracle\Java\javapath;C:\Program Files (x86)\Common Files\Oracle\Java\java8path;C:\Program Files (x86)\Common Files\Oracle\Java\javapath;C:\WINDOWS\system32;C:\WINDOWS;C:\WINDOWS\System32\Wbem;C:\WINDOWS\System32\WindowsPowerShell\v1.0\;C:\WINDOWS\System32\OpenSSH\;C:\Program Files\Microsoft VS Code\bin;C:\Program Files\NVIDIA Corporation\NVIDIA app\NvDLISR;C:\Program Files (x86)\NVIDIA Corporation\PhysX\Common;C:\Program Files\dotnet\;C:\Program Files\Git\cmd;C:\Program Files\Java\jdk-22\bin;C:\Gradle\gradle-8.8\bin;C:\Users\monta\AppData\Local\Pub\Cache\bin;C:\Program Files\nodejs\;C:\Users\monta\AppData\Local\Microsoft\WindowsApps;C:\Users\monta\flutter\bin;C:\Users\monta\AppData\Local\Programs\Windsurf\bin;C:\Users\monta\AppData\Roaming\npm
USERNAME=monta
OS=Windows_NT
PROCESSOR_IDENTIFIER=Intel64 Family 6 Model 165 Stepping 2, GenuineIntel
TMP=C:\Users\monta\AppData\Local\Temp
TEMP=C:\Users\monta\AppData\Local\Temp




Periodic native trim disabled

JNI global refs:
JNI global refs: 0, weak refs: 0

JNI global refs memory usage: 0, weak refs: 0

Process memory usage:
Resident Set Size: 13080K (0% of 16604212K total physical memory with 1166764K free physical memory)

OOME stack traces (most recent first):
Classloader memory used:

---------------  S Y S T E M  ---------------

OS:
 Windows 11 , 64 bit Build 26100 (10.0.26100.3912)
OS uptime: 0 days 21:57 hours
Hyper-V role detected

CPU: total 8 (initial active 8) (4 cores per cpu, 2 threads per core) family 6 model 165 stepping 2 microcode 0xea, cx8, cmov, fxsr, ht, mmx, 3dnowpref, sse, sse2, sse3, ssse3, sse4.1, sse4.2, popcnt, lzcnt, tsc, tscinvbit, avx, avx2, aes, erms, clmul, bmi1, bmi2, adx, fma, vzeroupper, clflush, clflushopt, hv, rdtscp, f16c
Processor Information for the first 8 processors :
  Max Mhz: 2496, Current Mhz: 2496, Mhz Limit: 2496

Memory: 4k page, system-wide physical 16215M (1139M free)
TotalPageFile size 35497M (AvailPageFile size 111M)
current process WorkingSet (physical memory assigned to process): 12M, peak: 12M
current process commit charge ("private bytes"): 60M, peak: 314M

vm_info: OpenJDK 64-Bit Server VM (21.0.6+-13368085-b895.109) for windows-amd64 JRE (21.0.6+-13368085-b895.109), built on 2025-04-16T17:01:31Z by "builder" with MS VC++ 16.10 / 16.11 (VS2019)

END.
